12:29:52.947 [main                     ] DEBUG Logger               - Configured Logger
12:29:52.987 [main                     ] DEBUG GameApplication      - Logging settings
Title: Warfare 4x
Version: 1.0.0-SNAPSHOT
Width: 800
Height: 533
Fullscreen: true
Intro: false
Profiling: false
Single step:true
App Mode: DEVELOPER
Menu Key: ESCAPE
Stage Style: DECORATED
Scene Factory: class com.almasb.fxgl.app.scene.SceneFactory

12:29:53.568 [JavaFX Application Thread] DEBUG FXGLApplication      - Initializing FXGL
12:29:53.574 [JavaFX Application Thread] INFO  Engine               - FXGL-17.1 (24.03.2022 17.34) on WINDOWS (J:17.0.5 FX:19)
12:29:53.575 [JavaFX Application Thread] DEBUG Engine               - JRE Vendor Name: Amazon.com Inc.
12:29:53.575 [JavaFX Application Thread] DEBUG Engine               - Running on OS: Windows 10 version 10.0
12:29:53.576 [JavaFX Application Thread] DEBUG Engine               - Architecture: amd64
12:29:53.576 [JavaFX Application Thread] INFO  Engine               - Source code and latest versions at: https://github.com/AlmasB/FXGL
12:29:53.576 [JavaFX Application Thread] INFO  Engine               -       Ask questions and discuss at: https://github.com/AlmasB/FXGL/discussions
12:29:53.576 [JavaFX Application Thread] INFO  Engine               -              Join the FXGL chat at: https://gitter.im/AlmasB/FXGL
12:29:53.700 [JavaFX Application Thread] DEBUG PrimaryStageWindow   - Creating a JavaFX scene
12:29:53.752 [JavaFX Application Thread] DEBUG PrimaryStageWindow   - Target settings size: 800.0 x 533.0
12:29:53.752 [JavaFX Application Thread] DEBUG PrimaryStageWindow   - Scaled scene size:    800.0 x 533.0
12:29:53.753 [JavaFX Application Thread] DEBUG PrimaryStageWindow   - Scaled ratio: (1.0, 1.0)
12:29:53.754 [JavaFX Application Thread] DEBUG PrimaryStageWindow   - Set initial scene to FXGLStartupScene
12:29:53.759 [JavaFX Application Thread] DEBUG PrimaryStageWindow   - Opening main window
12:29:53.902 [JavaFX Application Thread] DEBUG PrimaryStageWindow   - Window border size: (16.0, 39.0)
12:29:53.903 [JavaFX Application Thread] DEBUG PrimaryStageWindow   - Scaled size: 800.0 x 533.0
12:29:53.903 [JavaFX Application Thread] DEBUG PrimaryStageWindow   - Scaled ratio: (1.0, 1.0)
12:29:53.903 [JavaFX Application Thread] DEBUG PrimaryStageWindow   - Scene size: 800.0 x 533.0
12:29:53.903 [JavaFX Application Thread] DEBUG PrimaryStageWindow   - Stage size: 816.0 x 572.0
12:29:53.913 [FXGL Background Thread 1 ] DEBUG Engine               - Initializing environment variables
12:29:53.962 [FXGL Background Thread 1 ] DEBUG FXGLAssetLoaderServi - User app class for loading assets: class com.isekario.warfare4x.Warfare4x
12:29:53.963 [FXGL Background Thread 1 ] DEBUG GameApplicationServi - Applying CSS: fxgl_dark.css
12:29:53.964 [FXGL Background Thread 1 ] DEBUG FXGLAssetLoaderServi - Loading from file system: jar:file:/C:/Users/Admin%20Stagiaire/.m2/repository/com/github/almasb/fxgl/17.1/fxgl-17.1.jar!/fxglassets/ui/css/fxgl_dark.css
12:29:54.019 [FXGL Background Thread 1 ] DEBUG GameApplicationServi - Initializing application scenes
12:29:54.072 [FXGL Background Thread 1 ] DEBUG GameWorld            - Game world initialized
12:29:54.135 [FXGL Background Thread 1 ] DEBUG PhysicsWorld         - Physics world initialized: appHeight=533, physics.ppm=50,0
12:29:54.135 [FXGL Background Thread 1 ] DEBUG PhysicsWorld         - Using strategy: BRUTE_FORCE
12:29:54.139 [FXGL Background Thread 1 ] DEBUG GameScene            - Game scene initialized: 800x533
12:29:54.157 [FXGL Background Thread 1 ] WARN  FXGL.DefaultMenu     - FXGLDefaultMenu is not designed for resolutions < 800x600
12:29:54.158 [FXGL Background Thread 1 ] DEBUG FXGL.DefaultMenu     - createMenuBodyMainMenu()
12:29:54.178 [FXGL Background Thread 1 ] DEBUG FXGL.DefaultMenu     - createOptionsMenu()
12:29:54.199 [FXGL Background Thread 1 ] DEBUG FXGLAssetLoaderServi - Loading from file system: jar:file:/C:/Users/Admin%20Stagiaire/.m2/repository/com/github/almasb/fxgl/17.1/fxgl-17.1.jar!/fxglassets/textures/particles/smoke.png
12:29:54.293 [FXGL Background Thread 1 ] DEBUG FXGLAssetLoaderServi - Loading from file system: jar:file:/C:/Users/Admin%20Stagiaire/.m2/repository/com/github/almasb/fxgl/17.1/fxgl-17.1.jar!/fxglassets/textures/particles/trace_horizontal.png
12:29:54.313 [FXGL Background Thread 1 ] WARN  FXGL.DefaultMenu     - FXGLDefaultMenu is not designed for resolutions < 800x600
12:29:54.313 [FXGL Background Thread 1 ] DEBUG FXGL.DefaultMenu     - createMenuBodyGameMenu()
12:29:54.315 [FXGL Background Thread 1 ] DEBUG FXGL.DefaultMenu     - createOptionsMenu()
12:29:54.327 [FXGL Background Thread 1 ] DEBUG GameApplicationServi - Application scenes initialized
12:29:54.338 [FXGL Background Thread 1 ] DEBUG SystemBundleService  - Loading FXGL system data
12:29:54.343 [FXGL Background Thread 1 ] DEBUG FileSystemAccess     - Reading from: C:\Users\Admin Stagiaire\IdeaProjects\warfare4x\system\fxgl.bundle
12:29:54.348 [FXGL Background Thread 1 ] DEBUG SystemBundleService  - Bundle FXGL: {}
12:29:54.348 [FXGL Background Thread 1 ] DEBUG UpdaterService       - Checking for updates
12:29:54.377 [FXGL Background Thread 4 ] DEBUG FXGLApplication      - Loading fonts
12:29:54.377 [FXGL Background Thread 4 ] DEBUG FXGLAssetLoaderServi - Loading from file system: jar:file:/C:/Users/Admin%20Stagiaire/.m2/repository/com/github/almasb/fxgl/17.1/fxgl-17.1.jar!/fxglassets/ui/fonts/VarelaRound-Regular.ttf
12:29:54.378 [FXGL Background Thread 1 ] DEBUG FXGLApplication      - Loading default localization
12:29:54.378 [FXGL Background Thread 1 ] DEBUG FXGLAssetLoaderServi - Loading from file system: jar:file:/C:/Users/Admin%20Stagiaire/.m2/repository/com/github/almasb/fxgl/17.1/fxgl-17.1.jar!/fxglassets/languages/english.lang
12:29:54.399 [FXGL Background Thread 1 ] INFO  FXGLApplication      - FXGL initialization took: 0,486 sec
12:29:54.400 [JavaFX Application Thread] DEBUG FXGLAssetLoaderServi - Loading from file system: jar:file:/C:/Users/Admin%20Stagiaire/.m2/repository/com/github/almasb/fxgl/17.1/fxgl-17.1.jar!/fxglassets/textures/fxgl_icon.png
12:29:54.417 [JavaFX Application Thread] DEBUG FXGLAssetLoaderServi - Loading from file system: jar:file:/C:/Users/Admin%20Stagiaire/.m2/repository/com/github/almasb/fxgl/17.1/fxgl-17.1.jar!/fxglassets/textures/fxgl_default_cursor.png
12:29:54.430 [JavaFX Application Thread] DEBUG Input                - Registered new binding: Screenshot - CTRL+8
12:29:54.430 [JavaFX Application Thread] DEBUG Input                - Registered new binding: Dev Options - 1
12:29:54.431 [JavaFX Application Thread] DEBUG Input                - Registered new binding: Dev Console - 2
12:29:54.431 [JavaFX Application Thread] DEBUG Input                - Registered new binding: System info dump - CTRL+9
12:29:54.432 [JavaFX Application Thread] DEBUG Input                - Registered new binding: Restart - CTRL+R
12:29:54.432 [JavaFX Application Thread] DEBUG Input                - Registered new binding: Toggle Debug Camera - CTRL+7
12:29:54.436 [JavaFX Application Thread] DEBUG LoopRunner           - Starting loop
12:29:54.451 [FXGL Background Thread 4 ] DEBUG FXGLAssetLoaderServi - Loading from file system: jar:file:/C:/Users/Admin%20Stagiaire/.m2/repository/com/github/almasb/fxgl/17.1/fxgl-17.1.jar!/fxglassets/ui/fonts/Abel-Regular.ttf
12:29:54.459 [JavaFX Application Thread] DEBUG LoopRunner           - Initializing JavaFX AnimationTimerLoop
12:29:54.463 [JavaFX Application Thread] DEBUG Input                - Clearing active input actions
12:29:54.468 [FXGL Background Thread 4 ] DEBUG FXGLAssetLoaderServi - Loading from file system: jar:file:/C:/Users/Admin%20Stagiaire/.m2/repository/com/github/almasb/fxgl/17.1/fxgl-17.1.jar!/fxglassets/ui/fonts/TerminalLandMono-Regular.otf
12:29:54.469 [JavaFX Application Thread] DEBUG GameApplicationServi - Removing overlay from FXGLStartupScene and adding to FXGLMainMenuDummyScene
12:29:54.474 [JavaFX Application Thread] DEBUG PrimaryStageWindow   - FXGLStartupScene -> FXGLMainMenuDummyScene
12:29:54.475 [JavaFX Application Thread] DEBUG PrimaryStageWindow   - Push state: FXGLDefaultMenu
12:29:54.476 [FXGL Background Thread 4 ] DEBUG FXGLAssetLoaderServi - Loading from file system: jar:file:/C:/Users/Admin%20Stagiaire/.m2/repository/com/github/almasb/fxgl/17.1/fxgl-17.1.jar!/fxglassets/ui/fonts/Courier-Prime.ttf
12:29:54.481 [JavaFX Application Thread] DEBUG Input                - Clearing active input actions
12:29:54.493 [JavaFX Application Thread] DEBUG GameApplicationServi - Removing overlay from FXGLMainMenuDummyScene and adding to FXGLDefaultMenu
12:29:54.494 [JavaFX Application Thread] DEBUG PrimaryStageWindow   - FXGLMainMenuDummyScene -> FXGLDefaultMenu
12:29:54.720 [JavaFX Application Thread] DEBUG FXGLApplication      - Registering font factories with UI factory
12:29:54.794 [FXGL Background Thread 2 ] INFO  UpdaterService       - Your current version:  17.1
12:29:54.794 [FXGL Background Thread 2 ] INFO  UpdaterService       - Latest stable version: 17.2
12:29:55.416 [JavaFX Application Thread] DEBUG PrimaryStageWindow   - Push state: DialogSubScene
12:29:55.416 [JavaFX Application Thread] DEBUG Input                - Clearing active input actions
12:29:55.417 [JavaFX Application Thread] DEBUG GameApplicationServi - Removing overlay from FXGLDefaultMenu and adding to DialogSubScene
12:29:55.419 [JavaFX Application Thread] DEBUG PrimaryStageWindow   - FXGLDefaultMenu -> DialogSubScene
12:29:56.151 [JavaFX Application Thread] DEBUG PrimaryStageWindow   - Pop state: DialogSubScene
12:29:56.151 [JavaFX Application Thread] DEBUG Input                - Clearing active input actions
12:29:56.152 [JavaFX Application Thread] DEBUG GameApplicationServi - Removing overlay from DialogSubScene and adding to FXGLDefaultMenu
12:29:56.154 [JavaFX Application Thread] DEBUG PrimaryStageWindow   - FXGLDefaultMenu <- DialogSubScene
12:29:56.154 [JavaFX Application Thread] DEBUG FXGLApplication      - Exiting FXGL
12:29:56.155 [JavaFX Application Thread] DEBUG LoopRunner           - Stopping loop
12:29:56.155 [JavaFX Application Thread] DEBUG SystemBundleService  - Saving FXGL system data
12:29:56.157 [JavaFX Application Thread] DEBUG FileSystemAccess     - Writing to: C:\Users\Admin Stagiaire\IdeaProjects\warfare4x\system\fxgl.bundle
12:29:56.158 [JavaFX Application Thread] DEBUG Async                - Shutting down background threads
12:29:56.159 [JavaFX Application Thread] DEBUG PrimaryStageWindow   - Closing main window
12:29:56.170 [JavaFX Application Thread] DEBUG Logger               - Closing Logger
