13:38:41.011 [main                     ] DEBUG Logger               - Configured Logger
13:38:41.040 [main                     ] DEBUG GameApplication      - Logging settings
Title: Warfare 4x
Version: 1.0.0-SNAPSHOT
Width: 800
Height: 533
Fullscreen: true
Intro: false
Profiling: false
Single step:true
App Mode: DEVELOPER
Menu Key: ESCAPE
Stage Style: DECORATED
Scene Factory: class com.almasb.fxgl.app.scene.SceneFactory

13:38:41.642 [JavaFX Application Thread] DEBUG FXGLApplication      - Initializing FXGL
13:38:41.649 [JavaFX Application Thread] INFO  Engine               - FXGL-17.1 (24.03.2022 17.34) on WINDOWS (J:17.0.5 FX:19)
13:38:41.650 [JavaFX Application Thread] DEBUG Engine               - JRE Vendor Name: Amazon.com Inc.
13:38:41.650 [JavaFX Application Thread] DEBUG Engine               - Running on OS: Windows 10 version 10.0
13:38:41.650 [JavaFX Application Thread] DEBUG Engine               - Architecture: amd64
13:38:41.650 [JavaFX Application Thread] INFO  Engine               - Source code and latest versions at: https://github.com/AlmasB/FXGL
13:38:41.650 [JavaFX Application Thread] INFO  Engine               -       Ask questions and discuss at: https://github.com/AlmasB/FXGL/discussions
13:38:41.650 [JavaFX Application Thread] INFO  Engine               -              Join the FXGL chat at: https://gitter.im/AlmasB/FXGL
13:38:41.769 [JavaFX Application Thread] DEBUG PrimaryStageWindow   - Creating a JavaFX scene
13:38:41.813 [JavaFX Application Thread] DEBUG PrimaryStageWindow   - Target settings size: 800.0 x 533.0
13:38:41.813 [JavaFX Application Thread] DEBUG PrimaryStageWindow   - Scaled scene size:    800.0 x 533.0
13:38:41.813 [JavaFX Application Thread] DEBUG PrimaryStageWindow   - Scaled ratio: (1.0, 1.0)
13:38:41.814 [JavaFX Application Thread] DEBUG PrimaryStageWindow   - Set initial scene to FXGLStartupScene
13:38:41.820 [JavaFX Application Thread] DEBUG PrimaryStageWindow   - Opening main window
13:38:41.999 [JavaFX Application Thread] DEBUG PrimaryStageWindow   - Window border size: (16.0, 39.0)
13:38:42.000 [JavaFX Application Thread] DEBUG PrimaryStageWindow   - Scaled size: 800.0 x 533.0
13:38:42.000 [JavaFX Application Thread] DEBUG PrimaryStageWindow   - Scaled ratio: (1.0, 1.0)
13:38:42.001 [JavaFX Application Thread] DEBUG PrimaryStageWindow   - Scene size: 800.0 x 533.0
13:38:42.001 [JavaFX Application Thread] DEBUG PrimaryStageWindow   - Stage size: 816.0 x 572.0
13:38:42.010 [FXGL Background Thread 1 ] DEBUG Engine               - Initializing environment variables
13:38:42.050 [FXGL Background Thread 1 ] DEBUG FXGLAssetLoaderServi - User app class for loading assets: class com.isekario.warfare4x.Warfare4x
13:38:42.050 [FXGL Background Thread 1 ] DEBUG GameApplicationServi - Applying CSS: fxgl_dark.css
13:38:42.052 [FXGL Background Thread 1 ] DEBUG FXGLAssetLoaderServi - Loading from file system: jar:file:/C:/Users/Admin%20Stagiaire/.m2/repository/com/github/almasb/fxgl/17.1/fxgl-17.1.jar!/fxglassets/ui/css/fxgl_dark.css
13:38:42.096 [FXGL Background Thread 1 ] DEBUG GameApplicationServi - Initializing application scenes
13:38:42.133 [FXGL Background Thread 1 ] DEBUG GameWorld            - Game world initialized
13:38:42.184 [FXGL Background Thread 1 ] DEBUG PhysicsWorld         - Physics world initialized: appHeight=533, physics.ppm=50,0
13:38:42.185 [FXGL Background Thread 1 ] DEBUG PhysicsWorld         - Using strategy: BRUTE_FORCE
13:38:42.191 [FXGL Background Thread 1 ] DEBUG GameScene            - Game scene initialized: 800x533
13:38:42.205 [FXGL Background Thread 1 ] WARN  FXGL.DefaultMenu     - FXGLDefaultMenu is not designed for resolutions < 800x600
13:38:42.205 [FXGL Background Thread 1 ] DEBUG FXGL.DefaultMenu     - createMenuBodyMainMenu()
13:38:42.219 [FXGL Background Thread 1 ] DEBUG FXGL.DefaultMenu     - createOptionsMenu()
13:38:42.229 [FXGL Background Thread 1 ] DEBUG FXGLAssetLoaderServi - Loading from file system: jar:file:/C:/Users/Admin%20Stagiaire/.m2/repository/com/github/almasb/fxgl/17.1/fxgl-17.1.jar!/fxglassets/textures/particles/smoke.png
13:38:42.311 [FXGL Background Thread 1 ] DEBUG FXGLAssetLoaderServi - Loading from file system: jar:file:/C:/Users/Admin%20Stagiaire/.m2/repository/com/github/almasb/fxgl/17.1/fxgl-17.1.jar!/fxglassets/textures/particles/trace_horizontal.png
13:38:42.335 [FXGL Background Thread 1 ] WARN  FXGL.DefaultMenu     - FXGLDefaultMenu is not designed for resolutions < 800x600
13:38:42.335 [FXGL Background Thread 1 ] DEBUG FXGL.DefaultMenu     - createMenuBodyGameMenu()
13:38:42.336 [FXGL Background Thread 1 ] DEBUG FXGL.DefaultMenu     - createOptionsMenu()
13:38:42.347 [FXGL Background Thread 1 ] DEBUG GameApplicationServi - Application scenes initialized
13:38:42.358 [FXGL Background Thread 1 ] DEBUG SystemBundleService  - Loading FXGL system data
13:38:42.362 [FXGL Background Thread 1 ] DEBUG FileSystemAccess     - Reading from: C:\Users\Admin Stagiaire\IdeaProjects\warfare4x\system\fxgl.bundle
13:38:42.367 [FXGL Background Thread 1 ] DEBUG SystemBundleService  - Bundle FXGL: {}
13:38:42.368 [FXGL Background Thread 1 ] DEBUG UpdaterService       - Checking for updates
13:38:42.392 [FXGL Background Thread 4 ] DEBUG FXGLApplication      - Loading fonts
13:38:42.392 [FXGL Background Thread 4 ] DEBUG FXGLAssetLoaderServi - Loading from file system: jar:file:/C:/Users/Admin%20Stagiaire/.m2/repository/com/github/almasb/fxgl/17.1/fxgl-17.1.jar!/fxglassets/ui/fonts/VarelaRound-Regular.ttf
13:38:42.392 [FXGL Background Thread 1 ] DEBUG FXGLApplication      - Loading default localization
13:38:42.393 [FXGL Background Thread 1 ] DEBUG FXGLAssetLoaderServi - Loading from file system: jar:file:/C:/Users/Admin%20Stagiaire/.m2/repository/com/github/almasb/fxgl/17.1/fxgl-17.1.jar!/fxglassets/languages/english.lang
13:38:42.415 [FXGL Background Thread 1 ] INFO  FXGLApplication      - FXGL initialization took: 0,405 sec
13:38:42.416 [JavaFX Application Thread] DEBUG FXGLAssetLoaderServi - Loading from file system: jar:file:/C:/Users/Admin%20Stagiaire/.m2/repository/com/github/almasb/fxgl/17.1/fxgl-17.1.jar!/fxglassets/textures/fxgl_icon.png
13:38:42.435 [JavaFX Application Thread] DEBUG FXGLAssetLoaderServi - Loading from file system: jar:file:/C:/Users/Admin%20Stagiaire/.m2/repository/com/github/almasb/fxgl/17.1/fxgl-17.1.jar!/fxglassets/textures/fxgl_default_cursor.png
13:38:42.446 [JavaFX Application Thread] DEBUG Input                - Registered new binding: Screenshot - CTRL+8
13:38:42.447 [JavaFX Application Thread] DEBUG Input                - Registered new binding: Dev Options - 1
13:38:42.447 [JavaFX Application Thread] DEBUG Input                - Registered new binding: Dev Console - 2
13:38:42.447 [JavaFX Application Thread] DEBUG Input                - Registered new binding: System info dump - CTRL+9
13:38:42.447 [JavaFX Application Thread] DEBUG Input                - Registered new binding: Restart - CTRL+R
13:38:42.448 [JavaFX Application Thread] DEBUG Input                - Registered new binding: Toggle Debug Camera - CTRL+7
13:38:42.450 [JavaFX Application Thread] DEBUG LoopRunner           - Starting loop
13:38:42.468 [FXGL Background Thread 4 ] DEBUG FXGLAssetLoaderServi - Loading from file system: jar:file:/C:/Users/Admin%20Stagiaire/.m2/repository/com/github/almasb/fxgl/17.1/fxgl-17.1.jar!/fxglassets/ui/fonts/Abel-Regular.ttf
13:38:42.472 [JavaFX Application Thread] DEBUG LoopRunner           - Initializing JavaFX AnimationTimerLoop
13:38:42.475 [JavaFX Application Thread] DEBUG Input                - Clearing active input actions
13:38:42.481 [JavaFX Application Thread] DEBUG GameApplicationServi - Removing overlay from FXGLStartupScene and adding to FXGLMainMenuDummyScene
13:38:42.481 [FXGL Background Thread 4 ] DEBUG FXGLAssetLoaderServi - Loading from file system: jar:file:/C:/Users/Admin%20Stagiaire/.m2/repository/com/github/almasb/fxgl/17.1/fxgl-17.1.jar!/fxglassets/ui/fonts/TerminalLandMono-Regular.otf
13:38:42.486 [JavaFX Application Thread] DEBUG PrimaryStageWindow   - FXGLStartupScene -> FXGLMainMenuDummyScene
13:38:42.486 [JavaFX Application Thread] DEBUG PrimaryStageWindow   - Push state: FXGLDefaultMenu
13:38:42.492 [FXGL Background Thread 4 ] DEBUG FXGLAssetLoaderServi - Loading from file system: jar:file:/C:/Users/Admin%20Stagiaire/.m2/repository/com/github/almasb/fxgl/17.1/fxgl-17.1.jar!/fxglassets/ui/fonts/Courier-Prime.ttf
13:38:42.493 [JavaFX Application Thread] DEBUG Input                - Clearing active input actions
13:38:42.501 [JavaFX Application Thread] DEBUG GameApplicationServi - Removing overlay from FXGLMainMenuDummyScene and adding to FXGLDefaultMenu
13:38:42.501 [JavaFX Application Thread] DEBUG PrimaryStageWindow   - FXGLMainMenuDummyScene -> FXGLDefaultMenu
13:38:42.685 [JavaFX Application Thread] DEBUG FXGLApplication      - Registering font factories with UI factory
13:38:42.881 [FXGL Background Thread 2 ] INFO  UpdaterService       - Your current version:  17.1
13:38:42.881 [FXGL Background Thread 2 ] INFO  UpdaterService       - Latest stable version: 17.2
13:38:45.392 [FXGL Background Thread 3 ] DEBUG Engine               - Logging environment variables
13:38:45.392 [FXGL Background Thread 3 ] DEBUG Engine               - achievements: []
13:38:45.392 [FXGL Background Thread 3 ] DEBUG Engine               - actualHeight: 533.0
13:38:45.393 [FXGL Background Thread 3 ] DEBUG Engine               - actualHeightProperty: ReadOnlyDoubleProperty [value: 533.0]
13:38:45.393 [FXGL Background Thread 3 ] DEBUG Engine               - actualWidth: 800.0
13:38:45.393 [FXGL Background Thread 3 ] DEBUG Engine               - actualWidthProperty: ReadOnlyDoubleProperty [value: 800.0]
13:38:45.393 [FXGL Background Thread 3 ] DEBUG Engine               - appIcon: fxgl_icon.png
13:38:45.393 [FXGL Background Thread 3 ] DEBUG Engine               - applicationMode: DEVELOPER
13:38:45.393 [FXGL Background Thread 3 ] DEBUG Engine               - cSSList: [fxgl_dark.css]
13:38:45.393 [FXGL Background Thread 3 ] DEBUG Engine               - collisionDetectionStrategy: BRUTE_FORCE
13:38:45.393 [FXGL Background Thread 3 ] DEBUG Engine               - configClass: Optional.empty
13:38:45.393 [FXGL Background Thread 3 ] DEBUG Engine               - credits: [Author: Isekario]
13:38:45.394 [FXGL Background Thread 3 ] DEBUG Engine               - defaultCursor: CursorInfo(imageName=fxgl_default_cursor.png, hotspotX=7.0, hotspotY=6.0)
13:38:45.394 [FXGL Background Thread 3 ] DEBUG Engine               - devBBoxColorProperty: ObjectProperty [value: 0xff0000ff]
13:38:45.394 [FXGL Background Thread 3 ] DEBUG Engine               - devEnableDebugCameraProperty: BooleanProperty [value: false]
13:38:45.394 [FXGL Background Thread 3 ] DEBUG Engine               - devSensorColorProperty: ObjectProperty [value: 0xffff00ff]
13:38:45.394 [FXGL Background Thread 3 ] DEBUG Engine               - devShowBBoxProperty: BooleanProperty [value: false]
13:38:45.395 [FXGL Background Thread 3 ] DEBUG Engine               - devShowPositionProperty: BooleanProperty [value: false]
13:38:45.395 [FXGL Background Thread 3 ] DEBUG Engine               - enabledMenuItems: [SAVE_LOAD]
13:38:45.395 [FXGL Background Thread 3 ] DEBUG Engine               - engineServices: [class com.almasb.fxgl.app.services.FXGLAssetLoaderService, class com.almasb.fxgl.app.FXGLApplication$GameApplicationService, class com.almasb.fxgl.app.services.FXGLDialogService, class com.almasb.fxgl.app.services.IOTaskExecutorService, class com.almasb.fxgl.io.FileSystemService, class com.almasb.fxgl.localization.LocalizationService, class com.almasb.fxgl.app.services.SystemBundleService, class com.almasb.fxgl.profile.SaveLoadService, class com.almasb.fxgl.ui.FXGLUIFactoryServiceProvider, class com.almasb.fxgl.ui.FXGLDialogFactoryServiceProvider, class com.almasb.fxgl.audio.AudioPlayer, class com.almasb.fxgl.notification.impl.NotificationServiceProvider, class com.almasb.fxgl.achievement.AchievementService, class com.almasb.fxgl.cutscene.CutsceneService, class com.almasb.fxgl.minigames.MiniGameService, class com.almasb.fxgl.net.NetService, class com.almasb.fxgl.app.services.UpdaterService, class com.almasb.fxgl.dev.DevService]
13:38:45.395 [FXGL Background Thread 3 ] DEBUG Engine               - fontGame: Abel-Regular.ttf
13:38:45.395 [FXGL Background Thread 3 ] DEBUG Engine               - fontMono: TerminalLandMono-Regular.otf
13:38:45.395 [FXGL Background Thread 3 ] DEBUG Engine               - fontText: Courier-Prime.ttf
13:38:45.395 [FXGL Background Thread 3 ] DEBUG Engine               - fontUI: VarelaRound-Regular.ttf
13:38:45.395 [FXGL Background Thread 3 ] DEBUG Engine               - fullScreen: BooleanProperty [value: false]
13:38:45.395 [FXGL Background Thread 3 ] DEBUG Engine               - gameDifficulty: MEDIUM
13:38:45.395 [FXGL Background Thread 3 ] DEBUG Engine               - gameDifficultyProperty: ObjectProperty [value: MEDIUM]
13:38:45.395 [FXGL Background Thread 3 ] DEBUG Engine               - globalMusicVolume: 0.5
13:38:45.395 [FXGL Background Thread 3 ] DEBUG Engine               - globalMusicVolumeProperty: DoubleProperty [value: 0.5]
13:38:45.395 [FXGL Background Thread 3 ] DEBUG Engine               - globalSoundVolume: 0.5
13:38:45.396 [FXGL Background Thread 3 ] DEBUG Engine               - globalSoundVolumeProperty: DoubleProperty [value: 0.5]
13:38:45.396 [FXGL Background Thread 3 ] DEBUG Engine               - height: 533
13:38:45.396 [FXGL Background Thread 3 ] DEBUG Engine               - is3D: false
13:38:45.396 [FXGL Background Thread 3 ] DEBUG Engine               - isAndroid: false
13:38:45.396 [FXGL Background Thread 3 ] DEBUG Engine               - isBrowser: false
13:38:45.396 [FXGL Background Thread 3 ] DEBUG Engine               - isClickFeedbackEnabled: false
13:38:45.396 [FXGL Background Thread 3 ] DEBUG Engine               - isCloseConfirmation: true
13:38:45.396 [FXGL Background Thread 3 ] DEBUG Engine               - isDesktop: true
13:38:45.396 [FXGL Background Thread 3 ] DEBUG Engine               - isDeveloperMenuEnabled: true
13:38:45.396 [FXGL Background Thread 3 ] DEBUG Engine               - isEmbedded: false
13:38:45.396 [FXGL Background Thread 3 ] DEBUG Engine               - isEntityPreloadEnabled: true
13:38:45.396 [FXGL Background Thread 3 ] DEBUG Engine               - isExperimentalTiledLargeMap: false
13:38:45.396 [FXGL Background Thread 3 ] DEBUG Engine               - isFileSystemWriteAllowed: true
13:38:45.396 [FXGL Background Thread 3 ] DEBUG Engine               - isFullScreenAllowed: true
13:38:45.397 [FXGL Background Thread 3 ] DEBUG Engine               - isFullScreenFromStart: false
13:38:45.397 [FXGL Background Thread 3 ] DEBUG Engine               - isGameMenuEnabled: true
13:38:45.397 [FXGL Background Thread 3 ] DEBUG Engine               - isIOS: false
13:38:45.397 [FXGL Background Thread 3 ] DEBUG Engine               - isIntroEnabled: false
13:38:45.397 [FXGL Background Thread 3 ] DEBUG Engine               - isLinux: false
13:38:45.397 [FXGL Background Thread 3 ] DEBUG Engine               - isMac: false
13:38:45.397 [FXGL Background Thread 3 ] DEBUG Engine               - isMainMenuEnabled: true
13:38:45.397 [FXGL Background Thread 3 ] DEBUG Engine               - isManualResizeEnabled: true
13:38:45.397 [FXGL Background Thread 3 ] DEBUG Engine               - isMobile: false
13:38:45.397 [FXGL Background Thread 3 ] DEBUG Engine               - isNative: false
13:38:45.397 [FXGL Background Thread 3 ] DEBUG Engine               - isPauseMusicWhenMinimized: true
13:38:45.397 [FXGL Background Thread 3 ] DEBUG Engine               - isPreserveResizeRatio: true
13:38:45.397 [FXGL Background Thread 3 ] DEBUG Engine               - isProfilingEnabled: false
13:38:45.398 [FXGL Background Thread 3 ] DEBUG Engine               - isScaleAffectedOnResize: true
13:38:45.398 [FXGL Background Thread 3 ] DEBUG Engine               - isSingleStep: true
13:38:45.398 [FXGL Background Thread 3 ] DEBUG Engine               - isUserProfileEnabled: false
13:38:45.398 [FXGL Background Thread 3 ] DEBUG Engine               - isWindows: true
13:38:45.398 [FXGL Background Thread 3 ] DEBUG Engine               - language: ObjectProperty [value: ENGLISH]
13:38:45.398 [FXGL Background Thread 3 ] DEBUG Engine               - menuKey: ESCAPE
13:38:45.398 [FXGL Background Thread 3 ] DEBUG Engine               - mouseSensitivity: 0.2
13:38:45.398 [FXGL Background Thread 3 ] DEBUG Engine               - notificationViewClass: class com.almasb.fxgl.notification.view.XboxNotificationView
13:38:45.398 [FXGL Background Thread 3 ] DEBUG Engine               - pixelsPerMeter: 50.0
13:38:45.398 [FXGL Background Thread 3 ] DEBUG Engine               - platform: WINDOWS
13:38:45.398 [FXGL Background Thread 3 ] DEBUG Engine               - prefHeightProperty: ReadOnlyDoubleProperty [value: 533.0]
13:38:45.398 [FXGL Background Thread 3 ] DEBUG Engine               - prefWidthProperty: ReadOnlyDoubleProperty [value: 800.0]
13:38:45.398 [FXGL Background Thread 3 ] DEBUG Engine               - profileDir: profiles/
13:38:45.398 [FXGL Background Thread 3 ] DEBUG Engine               - profileName: StringProperty [value: DEFAULT]
13:38:45.398 [FXGL Background Thread 3 ] DEBUG Engine               - randomSeed: -1
13:38:45.399 [FXGL Background Thread 3 ] DEBUG Engine               - runtimeInfo: RuntimeInfo(platform=WINDOWS, version=17.1, build=24.03.2022 17.34)
13:38:45.399 [FXGL Background Thread 3 ] DEBUG Engine               - saveFileExt: sav
13:38:45.399 [FXGL Background Thread 3 ] DEBUG Engine               - scaledHeightProp$fxgl: DoubleProperty [bound, value: 533.0]
13:38:45.399 [FXGL Background Thread 3 ] DEBUG Engine               - scaledWidthProp$fxgl: DoubleProperty [bound, value: 800.0]
13:38:45.399 [FXGL Background Thread 3 ] DEBUG Engine               - sceneFactory: com.almasb.fxgl.app.scene.SceneFactory@4be37910
13:38:45.399 [FXGL Background Thread 3 ] DEBUG Engine               - secondsIn24h: 60
13:38:45.399 [FXGL Background Thread 3 ] DEBUG Engine               - soundMenuBack: menu/back.wav
13:38:45.399 [FXGL Background Thread 3 ] DEBUG Engine               - soundMenuPress: menu/press.wav
13:38:45.399 [FXGL Background Thread 3 ] DEBUG Engine               - soundMenuSelect: menu/select.wav
13:38:45.399 [FXGL Background Thread 3 ] DEBUG Engine               - soundNotification: core/notification.wav
13:38:45.400 [FXGL Background Thread 3 ] DEBUG Engine               - stageStyle: DECORATED
13:38:45.400 [FXGL Background Thread 3 ] DEBUG Engine               - supportedLanguages: [ENGLISH, FRENCH, GERMAN, HUNGARIAN, RUSSIAN]
13:38:45.400 [FXGL Background Thread 3 ] DEBUG Engine               - ticksPerSecond: -1
13:38:45.400 [FXGL Background Thread 3 ] DEBUG Engine               - title: Warfare 4x
13:38:45.400 [FXGL Background Thread 3 ] DEBUG Engine               - urlGithub: https://github.com/AlmasB/FXGL
13:38:45.400 [FXGL Background Thread 3 ] DEBUG Engine               - urlLeaderboard: http://fxgl-top.herokuapp.com/
13:38:45.400 [FXGL Background Thread 3 ] DEBUG Engine               - urlPOM: https://raw.githubusercontent.com/AlmasB/FXGL/release/README.md
13:38:45.400 [FXGL Background Thread 3 ] DEBUG Engine               - userAppClass: class com.isekario.warfare4x.Warfare4x
13:38:45.400 [FXGL Background Thread 3 ] DEBUG Engine               - version: 1.0.0-SNAPSHOT
13:38:45.400 [FXGL Background Thread 3 ] DEBUG Engine               - versionCheckDays: 7
13:38:45.400 [FXGL Background Thread 3 ] DEBUG Engine               - width: 800
13:38:45.400 [FXGL Background Thread 3 ] DEBUG Engine               - Logging services
13:38:45.401 [FXGL Background Thread 3 ] DEBUG Engine               - class com.almasb.fxgl.app.services.FXGLAssetLoaderService
13:38:45.401 [FXGL Background Thread 3 ] DEBUG Engine               - class com.almasb.fxgl.app.FXGLApplication$GameApplicationService
13:38:45.402 [FXGL Background Thread 3 ] DEBUG Engine               - class com.almasb.fxgl.app.services.FXGLDialogService
13:38:45.402 [FXGL Background Thread 3 ] DEBUG Engine               - class com.almasb.fxgl.app.services.IOTaskExecutorService
13:38:45.402 [FXGL Background Thread 3 ] DEBUG Engine               - class com.almasb.fxgl.io.FileSystemService
13:38:45.402 [FXGL Background Thread 3 ] DEBUG Engine               - class com.almasb.fxgl.localization.LocalizationService
13:38:45.402 [FXGL Background Thread 3 ] DEBUG Engine               - class com.almasb.fxgl.app.services.SystemBundleService
13:38:45.402 [FXGL Background Thread 3 ] DEBUG Engine               - class com.almasb.fxgl.profile.SaveLoadService
13:38:45.402 [FXGL Background Thread 3 ] DEBUG Engine               - class com.almasb.fxgl.ui.FXGLUIFactoryServiceProvider
13:38:45.402 [FXGL Background Thread 3 ] DEBUG Engine               - class com.almasb.fxgl.ui.FXGLDialogFactoryServiceProvider
13:38:45.402 [FXGL Background Thread 3 ] DEBUG Engine               - class com.almasb.fxgl.audio.AudioPlayer
13:38:45.403 [FXGL Background Thread 3 ] DEBUG Engine               - class com.almasb.fxgl.notification.impl.NotificationServiceProvider
13:38:45.403 [FXGL Background Thread 3 ] DEBUG Engine               - class com.almasb.fxgl.achievement.AchievementService
13:38:45.403 [FXGL Background Thread 3 ] DEBUG Engine               - class com.almasb.fxgl.cutscene.CutsceneService
13:38:45.403 [FXGL Background Thread 3 ] DEBUG Engine               - class com.almasb.fxgl.minigames.MiniGameService
13:38:45.403 [FXGL Background Thread 3 ] DEBUG Engine               - class com.almasb.fxgl.net.NetService
13:38:45.403 [FXGL Background Thread 3 ] DEBUG Engine               - class com.almasb.fxgl.app.services.UpdaterService
13:38:45.403 [FXGL Background Thread 3 ] DEBUG Engine               - class com.almasb.fxgl.dev.DevService
13:38:46.127 [JavaFX Application Thread] DEBUG Menu                 - fireExit()
13:38:46.130 [JavaFX Application Thread] DEBUG PrimaryStageWindow   - Push state: DialogSubScene
13:38:46.130 [JavaFX Application Thread] DEBUG Input                - Clearing active input actions
13:38:46.131 [JavaFX Application Thread] DEBUG GameApplicationServi - Removing overlay from FXGLDefaultMenu and adding to DialogSubScene
13:38:46.132 [JavaFX Application Thread] DEBUG PrimaryStageWindow   - FXGLDefaultMenu -> DialogSubScene
13:38:47.912 [JavaFX Application Thread] DEBUG PrimaryStageWindow   - Pop state: DialogSubScene
13:38:47.912 [JavaFX Application Thread] DEBUG Input                - Clearing active input actions
13:38:47.914 [JavaFX Application Thread] DEBUG GameApplicationServi - Removing overlay from DialogSubScene and adding to FXGLDefaultMenu
13:38:47.916 [JavaFX Application Thread] DEBUG PrimaryStageWindow   - FXGLDefaultMenu <- DialogSubScene
13:38:47.916 [JavaFX Application Thread] DEBUG FXGLApplication      - Exiting FXGL
13:38:47.917 [JavaFX Application Thread] DEBUG LoopRunner           - Stopping loop
13:38:47.917 [JavaFX Application Thread] DEBUG SystemBundleService  - Saving FXGL system data
13:38:47.919 [JavaFX Application Thread] DEBUG FileSystemAccess     - Writing to: C:\Users\Admin Stagiaire\IdeaProjects\warfare4x\system\fxgl.bundle
13:38:47.920 [JavaFX Application Thread] DEBUG Async                - Shutting down background threads
13:38:47.921 [JavaFX Application Thread] DEBUG PrimaryStageWindow   - Closing main window
13:38:47.931 [JavaFX Application Thread] DEBUG Logger               - Closing Logger
