12:28:33.063 [main                     ] DEBUG Logger               - Configured Logger
12:28:33.097 [main                     ] DEBUG GameApplication      - Logging settings
Title: Warfare 4x
Version: 1.0.0-SNAPSHOT
Width: 800
Height: 533
Fullscreen: true
Intro: false
Profiling: false
Single step:true
App Mode: DEVELOPER
Menu Key: ESCAPE
Stage Style: DECORATED
Scene Factory: class com.almasb.fxgl.app.scene.SceneFactory

12:28:33.691 [JavaFX Application Thread] DEBUG FXGLApplication      - Initializing FXGL
12:28:33.700 [JavaFX Application Thread] INFO  Engine               - FXGL-17.1 (24.03.2022 17.34) on WINDOWS (J:17.0.5 FX:19)
12:28:33.700 [JavaFX Application Thread] DEBUG Engine               - JRE Vendor Name: Amazon.com Inc.
12:28:33.700 [JavaFX Application Thread] DEBUG Engine               - Running on OS: Windows 10 version 10.0
12:28:33.701 [JavaFX Application Thread] DEBUG Engine               - Architecture: amd64
12:28:33.701 [JavaFX Application Thread] INFO  Engine               - Source code and latest versions at: https://github.com/AlmasB/FXGL
12:28:33.701 [JavaFX Application Thread] INFO  Engine               -       Ask questions and discuss at: https://github.com/AlmasB/FXGL/discussions
12:28:33.701 [JavaFX Application Thread] INFO  Engine               -              Join the FXGL chat at: https://gitter.im/AlmasB/FXGL
12:28:33.812 [JavaFX Application Thread] DEBUG PrimaryStageWindow   - Creating a JavaFX scene
12:28:33.861 [JavaFX Application Thread] DEBUG PrimaryStageWindow   - Target settings size: 800.0 x 533.0
12:28:33.861 [JavaFX Application Thread] DEBUG PrimaryStageWindow   - Scaled scene size:    800.0 x 533.0
12:28:33.861 [JavaFX Application Thread] DEBUG PrimaryStageWindow   - Scaled ratio: (1.0, 1.0)
12:28:33.862 [JavaFX Application Thread] DEBUG PrimaryStageWindow   - Set initial scene to FXGLStartupScene
12:28:33.868 [JavaFX Application Thread] DEBUG PrimaryStageWindow   - Opening main window
12:28:34.019 [JavaFX Application Thread] DEBUG PrimaryStageWindow   - Window border size: (16.0, 39.0)
12:28:34.019 [JavaFX Application Thread] DEBUG PrimaryStageWindow   - Scaled size: 800.0 x 533.0
12:28:34.020 [JavaFX Application Thread] DEBUG PrimaryStageWindow   - Scaled ratio: (1.0, 1.0)
12:28:34.020 [JavaFX Application Thread] DEBUG PrimaryStageWindow   - Scene size: 800.0 x 533.0
12:28:34.020 [JavaFX Application Thread] DEBUG PrimaryStageWindow   - Stage size: 816.0 x 572.0
12:28:34.029 [FXGL Background Thread 1 ] DEBUG Engine               - Initializing environment variables
12:28:34.072 [FXGL Background Thread 1 ] DEBUG FXGLAssetLoaderServi - User app class for loading assets: class com.isekario.warfare4x.Warfare4x
12:28:34.072 [FXGL Background Thread 1 ] DEBUG GameApplicationServi - Applying CSS: fxgl_dark.css
12:28:34.073 [FXGL Background Thread 1 ] DEBUG FXGLAssetLoaderServi - Loading from file system: jar:file:/C:/Users/Admin%20Stagiaire/.m2/repository/com/github/almasb/fxgl/17.1/fxgl-17.1.jar!/fxglassets/ui/css/fxgl_dark.css
12:28:34.132 [FXGL Background Thread 1 ] DEBUG GameApplicationServi - Initializing application scenes
12:28:34.180 [FXGL Background Thread 1 ] DEBUG GameWorld            - Game world initialized
12:28:34.246 [FXGL Background Thread 1 ] DEBUG PhysicsWorld         - Physics world initialized: appHeight=533, physics.ppm=50,0
12:28:34.246 [FXGL Background Thread 1 ] DEBUG PhysicsWorld         - Using strategy: BRUTE_FORCE
12:28:34.251 [FXGL Background Thread 1 ] DEBUG GameScene            - Game scene initialized: 800x533
12:28:34.266 [FXGL Background Thread 1 ] WARN  FXGL.DefaultMenu     - FXGLDefaultMenu is not designed for resolutions < 800x600
12:28:34.266 [FXGL Background Thread 1 ] DEBUG FXGL.DefaultMenu     - createMenuBodyMainMenu()
12:28:34.284 [FXGL Background Thread 1 ] DEBUG FXGL.DefaultMenu     - createOptionsMenu()
12:28:34.299 [FXGL Background Thread 1 ] DEBUG FXGLAssetLoaderServi - Loading from file system: jar:file:/C:/Users/Admin%20Stagiaire/.m2/repository/com/github/almasb/fxgl/17.1/fxgl-17.1.jar!/fxglassets/textures/particles/smoke.png
12:28:34.400 [FXGL Background Thread 1 ] DEBUG FXGLAssetLoaderServi - Loading from file system: jar:file:/C:/Users/Admin%20Stagiaire/.m2/repository/com/github/almasb/fxgl/17.1/fxgl-17.1.jar!/fxglassets/textures/particles/trace_horizontal.png
12:28:34.431 [FXGL Background Thread 1 ] WARN  FXGL.DefaultMenu     - FXGLDefaultMenu is not designed for resolutions < 800x600
12:28:34.431 [FXGL Background Thread 1 ] DEBUG FXGL.DefaultMenu     - createMenuBodyGameMenu()
12:28:34.434 [FXGL Background Thread 1 ] DEBUG FXGL.DefaultMenu     - createOptionsMenu()
12:28:34.450 [FXGL Background Thread 1 ] DEBUG GameApplicationServi - Application scenes initialized
12:28:34.463 [FXGL Background Thread 1 ] DEBUG SystemBundleService  - Loading FXGL system data
12:28:34.472 [FXGL Background Thread 1 ] DEBUG FileSystemAccess     - Reading from: C:\Users\Admin Stagiaire\IdeaProjects\warfare4x\system\fxgl.bundle
12:28:34.479 [FXGL Background Thread 1 ] DEBUG SystemBundleService  - Bundle FXGL: {}
12:28:34.479 [FXGL Background Thread 1 ] DEBUG UpdaterService       - Checking for updates
12:28:34.511 [FXGL Background Thread 4 ] DEBUG FXGLApplication      - Loading fonts
12:28:34.511 [FXGL Background Thread 4 ] DEBUG FXGLAssetLoaderServi - Loading from file system: jar:file:/C:/Users/Admin%20Stagiaire/.m2/repository/com/github/almasb/fxgl/17.1/fxgl-17.1.jar!/fxglassets/ui/fonts/VarelaRound-Regular.ttf
12:28:34.511 [FXGL Background Thread 1 ] DEBUG FXGLApplication      - Loading default localization
12:28:34.512 [FXGL Background Thread 1 ] DEBUG FXGLAssetLoaderServi - Loading from file system: jar:file:/C:/Users/Admin%20Stagiaire/.m2/repository/com/github/almasb/fxgl/17.1/fxgl-17.1.jar!/fxglassets/languages/english.lang
12:28:34.534 [FXGL Background Thread 1 ] INFO  FXGLApplication      - FXGL initialization took: 0,505 sec
12:28:34.535 [JavaFX Application Thread] DEBUG FXGLAssetLoaderServi - Loading from file system: jar:file:/C:/Users/Admin%20Stagiaire/.m2/repository/com/github/almasb/fxgl/17.1/fxgl-17.1.jar!/fxglassets/textures/fxgl_icon.png
12:28:34.559 [JavaFX Application Thread] DEBUG FXGLAssetLoaderServi - Loading from file system: jar:file:/C:/Users/Admin%20Stagiaire/.m2/repository/com/github/almasb/fxgl/17.1/fxgl-17.1.jar!/fxglassets/textures/fxgl_default_cursor.png
12:28:34.571 [JavaFX Application Thread] DEBUG Input                - Registered new binding: Screenshot - CTRL+8
12:28:34.572 [JavaFX Application Thread] DEBUG Input                - Registered new binding: Dev Options - 1
12:28:34.572 [JavaFX Application Thread] DEBUG Input                - Registered new binding: Dev Console - 2
12:28:34.573 [JavaFX Application Thread] DEBUG Input                - Registered new binding: System info dump - CTRL+9
12:28:34.573 [JavaFX Application Thread] DEBUG Input                - Registered new binding: Restart - CTRL+R
12:28:34.574 [JavaFX Application Thread] DEBUG Input                - Registered new binding: Toggle Debug Camera - CTRL+7
12:28:34.577 [JavaFX Application Thread] DEBUG LoopRunner           - Starting loop
12:28:34.594 [FXGL Background Thread 4 ] DEBUG FXGLAssetLoaderServi - Loading from file system: jar:file:/C:/Users/Admin%20Stagiaire/.m2/repository/com/github/almasb/fxgl/17.1/fxgl-17.1.jar!/fxglassets/ui/fonts/Abel-Regular.ttf
12:28:34.601 [JavaFX Application Thread] DEBUG LoopRunner           - Initializing JavaFX AnimationTimerLoop
12:28:34.605 [JavaFX Application Thread] DEBUG Input                - Clearing active input actions
12:28:34.613 [JavaFX Application Thread] DEBUG GameApplicationServi - Removing overlay from FXGLStartupScene and adding to FXGLMainMenuDummyScene
12:28:34.616 [FXGL Background Thread 4 ] DEBUG FXGLAssetLoaderServi - Loading from file system: jar:file:/C:/Users/Admin%20Stagiaire/.m2/repository/com/github/almasb/fxgl/17.1/fxgl-17.1.jar!/fxglassets/ui/fonts/TerminalLandMono-Regular.otf
12:28:34.625 [JavaFX Application Thread] DEBUG PrimaryStageWindow   - FXGLStartupScene -> FXGLMainMenuDummyScene
12:28:34.625 [JavaFX Application Thread] DEBUG PrimaryStageWindow   - Push state: FXGLDefaultMenu
12:28:34.628 [FXGL Background Thread 4 ] DEBUG FXGLAssetLoaderServi - Loading from file system: jar:file:/C:/Users/Admin%20Stagiaire/.m2/repository/com/github/almasb/fxgl/17.1/fxgl-17.1.jar!/fxglassets/ui/fonts/Courier-Prime.ttf
12:28:34.632 [JavaFX Application Thread] DEBUG Input                - Clearing active input actions
12:28:34.644 [JavaFX Application Thread] DEBUG GameApplicationServi - Removing overlay from FXGLMainMenuDummyScene and adding to FXGLDefaultMenu
12:28:34.645 [JavaFX Application Thread] DEBUG PrimaryStageWindow   - FXGLMainMenuDummyScene -> FXGLDefaultMenu
12:28:34.890 [JavaFX Application Thread] DEBUG FXGLApplication      - Registering font factories with UI factory
12:28:35.170 [FXGL Background Thread 2 ] INFO  UpdaterService       - Your current version:  17.1
12:28:35.170 [FXGL Background Thread 2 ] INFO  UpdaterService       - Latest stable version: 17.2
12:28:37.024 [JavaFX Application Thread] DEBUG Menu                 - fireExit()
12:28:37.026 [JavaFX Application Thread] DEBUG PrimaryStageWindow   - Push state: DialogSubScene
12:28:37.027 [JavaFX Application Thread] DEBUG Input                - Clearing active input actions
12:28:37.027 [JavaFX Application Thread] DEBUG GameApplicationServi - Removing overlay from FXGLDefaultMenu and adding to DialogSubScene
12:28:37.029 [JavaFX Application Thread] DEBUG PrimaryStageWindow   - FXGLDefaultMenu -> DialogSubScene
12:28:37.510 [FXGL Background Thread 3 ] DEBUG Engine               - Logging environment variables
12:28:37.510 [FXGL Background Thread 3 ] DEBUG Engine               - achievements: []
12:28:37.511 [FXGL Background Thread 3 ] DEBUG Engine               - actualHeight: 533.0
12:28:37.511 [FXGL Background Thread 3 ] DEBUG Engine               - actualHeightProperty: ReadOnlyDoubleProperty [value: 533.0]
12:28:37.511 [FXGL Background Thread 3 ] DEBUG Engine               - actualWidth: 800.0
12:28:37.511 [FXGL Background Thread 3 ] DEBUG Engine               - actualWidthProperty: ReadOnlyDoubleProperty [value: 800.0]
12:28:37.511 [FXGL Background Thread 3 ] DEBUG Engine               - appIcon: fxgl_icon.png
12:28:37.511 [FXGL Background Thread 3 ] DEBUG Engine               - applicationMode: DEVELOPER
12:28:37.511 [FXGL Background Thread 3 ] DEBUG Engine               - cSSList: [fxgl_dark.css]
12:28:37.511 [FXGL Background Thread 3 ] DEBUG Engine               - collisionDetectionStrategy: BRUTE_FORCE
12:28:37.512 [FXGL Background Thread 3 ] DEBUG Engine               - configClass: Optional.empty
12:28:37.512 [FXGL Background Thread 3 ] DEBUG Engine               - credits: [Author: Isekario]
12:28:37.512 [FXGL Background Thread 3 ] DEBUG Engine               - defaultCursor: CursorInfo(imageName=fxgl_default_cursor.png, hotspotX=7.0, hotspotY=6.0)
12:28:37.512 [FXGL Background Thread 3 ] DEBUG Engine               - devBBoxColorProperty: ObjectProperty [value: 0xff0000ff]
12:28:37.512 [FXGL Background Thread 3 ] DEBUG Engine               - devEnableDebugCameraProperty: BooleanProperty [value: false]
12:28:37.512 [FXGL Background Thread 3 ] DEBUG Engine               - devSensorColorProperty: ObjectProperty [value: 0xffff00ff]
12:28:37.513 [FXGL Background Thread 3 ] DEBUG Engine               - devShowBBoxProperty: BooleanProperty [value: false]
12:28:37.513 [FXGL Background Thread 3 ] DEBUG Engine               - devShowPositionProperty: BooleanProperty [value: false]
12:28:37.513 [FXGL Background Thread 3 ] DEBUG Engine               - enabledMenuItems: [SAVE_LOAD]
12:28:37.513 [FXGL Background Thread 3 ] DEBUG Engine               - engineServices: [class com.almasb.fxgl.app.services.FXGLAssetLoaderService, class com.almasb.fxgl.app.FXGLApplication$GameApplicationService, class com.almasb.fxgl.app.services.FXGLDialogService, class com.almasb.fxgl.app.services.IOTaskExecutorService, class com.almasb.fxgl.io.FileSystemService, class com.almasb.fxgl.localization.LocalizationService, class com.almasb.fxgl.app.services.SystemBundleService, class com.almasb.fxgl.profile.SaveLoadService, class com.almasb.fxgl.ui.FXGLUIFactoryServiceProvider, class com.almasb.fxgl.ui.FXGLDialogFactoryServiceProvider, class com.almasb.fxgl.audio.AudioPlayer, class com.almasb.fxgl.notification.impl.NotificationServiceProvider, class com.almasb.fxgl.achievement.AchievementService, class com.almasb.fxgl.cutscene.CutsceneService, class com.almasb.fxgl.minigames.MiniGameService, class com.almasb.fxgl.net.NetService, class com.almasb.fxgl.app.services.UpdaterService, class com.almasb.fxgl.dev.DevService]
12:28:37.513 [FXGL Background Thread 3 ] DEBUG Engine               - fontGame: Abel-Regular.ttf
12:28:37.513 [FXGL Background Thread 3 ] DEBUG Engine               - fontMono: TerminalLandMono-Regular.otf
12:28:37.513 [FXGL Background Thread 3 ] DEBUG Engine               - fontText: Courier-Prime.ttf
12:28:37.513 [FXGL Background Thread 3 ] DEBUG Engine               - fontUI: VarelaRound-Regular.ttf
12:28:37.513 [FXGL Background Thread 3 ] DEBUG Engine               - fullScreen: BooleanProperty [value: false]
12:28:37.513 [FXGL Background Thread 3 ] DEBUG Engine               - gameDifficulty: MEDIUM
12:28:37.513 [FXGL Background Thread 3 ] DEBUG Engine               - gameDifficultyProperty: ObjectProperty [value: MEDIUM]
12:28:37.513 [FXGL Background Thread 3 ] DEBUG Engine               - globalMusicVolume: 0.5
12:28:37.514 [FXGL Background Thread 3 ] DEBUG Engine               - globalMusicVolumeProperty: DoubleProperty [value: 0.5]
12:28:37.514 [FXGL Background Thread 3 ] DEBUG Engine               - globalSoundVolume: 0.5
12:28:37.514 [FXGL Background Thread 3 ] DEBUG Engine               - globalSoundVolumeProperty: DoubleProperty [value: 0.5]
12:28:37.514 [FXGL Background Thread 3 ] DEBUG Engine               - height: 533
12:28:37.514 [FXGL Background Thread 3 ] DEBUG Engine               - is3D: false
12:28:37.514 [FXGL Background Thread 3 ] DEBUG Engine               - isAndroid: false
12:28:37.514 [FXGL Background Thread 3 ] DEBUG Engine               - isBrowser: false
12:28:37.514 [FXGL Background Thread 3 ] DEBUG Engine               - isClickFeedbackEnabled: false
12:28:37.514 [FXGL Background Thread 3 ] DEBUG Engine               - isCloseConfirmation: true
12:28:37.514 [FXGL Background Thread 3 ] DEBUG Engine               - isDesktop: true
12:28:37.514 [FXGL Background Thread 3 ] DEBUG Engine               - isDeveloperMenuEnabled: true
12:28:37.514 [FXGL Background Thread 3 ] DEBUG Engine               - isEmbedded: false
12:28:37.514 [FXGL Background Thread 3 ] DEBUG Engine               - isEntityPreloadEnabled: true
12:28:37.514 [FXGL Background Thread 3 ] DEBUG Engine               - isExperimentalTiledLargeMap: false
12:28:37.515 [FXGL Background Thread 3 ] DEBUG Engine               - isFileSystemWriteAllowed: true
12:28:37.515 [FXGL Background Thread 3 ] DEBUG Engine               - isFullScreenAllowed: true
12:28:37.515 [FXGL Background Thread 3 ] DEBUG Engine               - isFullScreenFromStart: false
12:28:37.515 [FXGL Background Thread 3 ] DEBUG Engine               - isGameMenuEnabled: true
12:28:37.515 [FXGL Background Thread 3 ] DEBUG Engine               - isIOS: false
12:28:37.515 [FXGL Background Thread 3 ] DEBUG Engine               - isIntroEnabled: false
12:28:37.515 [FXGL Background Thread 3 ] DEBUG Engine               - isLinux: false
12:28:37.515 [FXGL Background Thread 3 ] DEBUG Engine               - isMac: false
12:28:37.515 [FXGL Background Thread 3 ] DEBUG Engine               - isMainMenuEnabled: true
12:28:37.515 [FXGL Background Thread 3 ] DEBUG Engine               - isManualResizeEnabled: true
12:28:37.515 [FXGL Background Thread 3 ] DEBUG Engine               - isMobile: false
12:28:37.516 [FXGL Background Thread 3 ] DEBUG Engine               - isNative: false
12:28:37.516 [FXGL Background Thread 3 ] DEBUG Engine               - isPauseMusicWhenMinimized: true
12:28:37.516 [FXGL Background Thread 3 ] DEBUG Engine               - isPreserveResizeRatio: true
12:28:37.516 [FXGL Background Thread 3 ] DEBUG Engine               - isProfilingEnabled: false
12:28:37.516 [FXGL Background Thread 3 ] DEBUG Engine               - isScaleAffectedOnResize: true
12:28:37.516 [FXGL Background Thread 3 ] DEBUG Engine               - isSingleStep: true
12:28:37.516 [FXGL Background Thread 3 ] DEBUG Engine               - isUserProfileEnabled: false
12:28:37.516 [FXGL Background Thread 3 ] DEBUG Engine               - isWindows: true
12:28:37.516 [FXGL Background Thread 3 ] DEBUG Engine               - language: ObjectProperty [value: ENGLISH]
12:28:37.516 [FXGL Background Thread 3 ] DEBUG Engine               - menuKey: ESCAPE
12:28:37.517 [FXGL Background Thread 3 ] DEBUG Engine               - mouseSensitivity: 0.2
12:28:37.517 [FXGL Background Thread 3 ] DEBUG Engine               - notificationViewClass: class com.almasb.fxgl.notification.view.XboxNotificationView
12:28:37.517 [FXGL Background Thread 3 ] DEBUG Engine               - pixelsPerMeter: 50.0
12:28:37.517 [FXGL Background Thread 3 ] DEBUG Engine               - platform: WINDOWS
12:28:37.517 [FXGL Background Thread 3 ] DEBUG Engine               - prefHeightProperty: ReadOnlyDoubleProperty [value: 533.0]
12:28:37.517 [FXGL Background Thread 3 ] DEBUG Engine               - prefWidthProperty: ReadOnlyDoubleProperty [value: 800.0]
12:28:37.517 [FXGL Background Thread 3 ] DEBUG Engine               - profileDir: profiles/
12:28:37.517 [FXGL Background Thread 3 ] DEBUG Engine               - profileName: StringProperty [value: DEFAULT]
12:28:37.517 [FXGL Background Thread 3 ] DEBUG Engine               - randomSeed: -1
12:28:37.518 [FXGL Background Thread 3 ] DEBUG Engine               - runtimeInfo: RuntimeInfo(platform=WINDOWS, version=17.1, build=24.03.2022 17.34)
12:28:37.518 [FXGL Background Thread 3 ] DEBUG Engine               - saveFileExt: sav
12:28:37.518 [FXGL Background Thread 3 ] DEBUG Engine               - scaledHeightProp$fxgl: DoubleProperty [bound, value: 533.0]
12:28:37.518 [FXGL Background Thread 3 ] DEBUG Engine               - scaledWidthProp$fxgl: DoubleProperty [bound, value: 800.0]
12:28:37.518 [FXGL Background Thread 3 ] DEBUG Engine               - sceneFactory: com.almasb.fxgl.app.scene.SceneFactory@2eb5ac93
12:28:37.518 [FXGL Background Thread 3 ] DEBUG Engine               - secondsIn24h: 60
12:28:37.518 [FXGL Background Thread 3 ] DEBUG Engine               - soundMenuBack: menu/back.wav
12:28:37.518 [FXGL Background Thread 3 ] DEBUG Engine               - soundMenuPress: menu/press.wav
12:28:37.518 [FXGL Background Thread 3 ] DEBUG Engine               - soundMenuSelect: menu/select.wav
12:28:37.518 [FXGL Background Thread 3 ] DEBUG Engine               - soundNotification: core/notification.wav
12:28:37.518 [FXGL Background Thread 3 ] DEBUG Engine               - stageStyle: DECORATED
12:28:37.518 [FXGL Background Thread 3 ] DEBUG Engine               - supportedLanguages: [ENGLISH, FRENCH, GERMAN, HUNGARIAN, RUSSIAN]
12:28:37.518 [FXGL Background Thread 3 ] DEBUG Engine               - ticksPerSecond: -1
12:28:37.518 [FXGL Background Thread 3 ] DEBUG Engine               - title: Warfare 4x
12:28:37.519 [FXGL Background Thread 3 ] DEBUG Engine               - urlGithub: https://github.com/AlmasB/FXGL
12:28:37.519 [FXGL Background Thread 3 ] DEBUG Engine               - urlLeaderboard: http://fxgl-top.herokuapp.com/
12:28:37.519 [FXGL Background Thread 3 ] DEBUG Engine               - urlPOM: https://raw.githubusercontent.com/AlmasB/FXGL/release/README.md
12:28:37.519 [FXGL Background Thread 3 ] DEBUG Engine               - userAppClass: class com.isekario.warfare4x.Warfare4x
12:28:37.519 [FXGL Background Thread 3 ] DEBUG Engine               - version: 1.0.0-SNAPSHOT
12:28:37.519 [FXGL Background Thread 3 ] DEBUG Engine               - versionCheckDays: 7
12:28:37.519 [FXGL Background Thread 3 ] DEBUG Engine               - width: 800
12:28:37.520 [FXGL Background Thread 3 ] DEBUG Engine               - Logging services
12:28:37.520 [FXGL Background Thread 3 ] DEBUG Engine               - class com.almasb.fxgl.app.services.FXGLAssetLoaderService
12:28:37.520 [FXGL Background Thread 3 ] DEBUG Engine               - class com.almasb.fxgl.app.FXGLApplication$GameApplicationService
12:28:37.520 [FXGL Background Thread 3 ] DEBUG Engine               - class com.almasb.fxgl.app.services.FXGLDialogService
12:28:37.520 [FXGL Background Thread 3 ] DEBUG Engine               - class com.almasb.fxgl.app.services.IOTaskExecutorService
12:28:37.520 [FXGL Background Thread 3 ] DEBUG Engine               - class com.almasb.fxgl.io.FileSystemService
12:28:37.520 [FXGL Background Thread 3 ] DEBUG Engine               - class com.almasb.fxgl.localization.LocalizationService
12:28:37.520 [FXGL Background Thread 3 ] DEBUG Engine               - class com.almasb.fxgl.app.services.SystemBundleService
12:28:37.520 [FXGL Background Thread 3 ] DEBUG Engine               - class com.almasb.fxgl.profile.SaveLoadService
12:28:37.521 [FXGL Background Thread 3 ] DEBUG Engine               - class com.almasb.fxgl.ui.FXGLUIFactoryServiceProvider
12:28:37.521 [FXGL Background Thread 3 ] DEBUG Engine               - class com.almasb.fxgl.ui.FXGLDialogFactoryServiceProvider
12:28:37.521 [FXGL Background Thread 3 ] DEBUG Engine               - class com.almasb.fxgl.audio.AudioPlayer
12:28:37.521 [FXGL Background Thread 3 ] DEBUG Engine               - class com.almasb.fxgl.notification.impl.NotificationServiceProvider
12:28:37.521 [FXGL Background Thread 3 ] DEBUG Engine               - class com.almasb.fxgl.achievement.AchievementService
12:28:37.521 [FXGL Background Thread 3 ] DEBUG Engine               - class com.almasb.fxgl.cutscene.CutsceneService
12:28:37.521 [FXGL Background Thread 3 ] DEBUG Engine               - class com.almasb.fxgl.minigames.MiniGameService
12:28:37.521 [FXGL Background Thread 3 ] DEBUG Engine               - class com.almasb.fxgl.net.NetService
12:28:37.521 [FXGL Background Thread 3 ] DEBUG Engine               - class com.almasb.fxgl.app.services.UpdaterService
12:28:37.521 [FXGL Background Thread 3 ] DEBUG Engine               - class com.almasb.fxgl.dev.DevService
12:28:38.192 [JavaFX Application Thread] DEBUG PrimaryStageWindow   - Pop state: DialogSubScene
12:28:38.192 [JavaFX Application Thread] DEBUG Input                - Clearing active input actions
12:28:38.193 [JavaFX Application Thread] DEBUG GameApplicationServi - Removing overlay from DialogSubScene and adding to FXGLDefaultMenu
12:28:38.194 [JavaFX Application Thread] DEBUG PrimaryStageWindow   - FXGLDefaultMenu <- DialogSubScene
12:28:38.195 [JavaFX Application Thread] DEBUG FXGLApplication      - Exiting FXGL
12:28:38.195 [JavaFX Application Thread] DEBUG LoopRunner           - Stopping loop
12:28:38.195 [JavaFX Application Thread] DEBUG SystemBundleService  - Saving FXGL system data
12:28:38.197 [JavaFX Application Thread] DEBUG FileSystemAccess     - Writing to: C:\Users\Admin Stagiaire\IdeaProjects\warfare4x\system\fxgl.bundle
12:28:38.198 [JavaFX Application Thread] DEBUG Async                - Shutting down background threads
12:28:38.199 [JavaFX Application Thread] DEBUG PrimaryStageWindow   - Closing main window
12:28:38.209 [JavaFX Application Thread] DEBUG Logger               - Closing Logger
